<?xml version="1.0" encoding="UTF-8"?>
<!-- Generated by org.testng.reporters.JUnitXMLReporter -->
<testsuite hostname="DESKTOP-8EV8VJ6" failures="0" tests="3" name="Default test" time="18.059" errors="0" timestamp="9 Nov 2022 08:11:02 GMT">
  <testcase classname="flights.api_tests.TestNG2" name="testEmptyEmailLogin" time="4.252"/>
  <testcase classname="flights.api_tests.TestNG2" name="testInvalidEmailLogin" time="4.278"/>
  <testcase classname="flights.api_tests.TestNG2" name="testQuestions" time="3.461"/>
</testsuite> <!-- Default test -->
